<?xml version="1.0" encoding="UTF-8"?>
<!-- Generated by org.testng.reporters.JUnitReportReporter -->
<testsuite hostname="IP-MTY-DAVIDL" failures="0" tests="1" name="com.selenium.test.POMTestCases" time="32.111" errors="0" timestamp="25 Aug 2022 14:58:39 GMT" skipped="0">
  <testcase classname="com.selenium.test.POMTestCases" name="testCase1" time="32.111"/>
</testsuite> <!-- com.selenium.test.POMTestCases -->
